<?xml version="1.0" encoding="UTF-8"?>
<coverage generated="1590192175907" clover="3.2.0">
  <project timestamp="1590192175907" name="All files">
    <metrics statements="15" coveredstatements="9" conditionals="2" coveredconditionals="1" methods="6" coveredmethods="3" elements="23" coveredelements="13" complexity="0" loc="15" ncloc="15" packages="1" files="2" classes="2"/>
    <file name="notes-collection.js" path="/mnt/c/Users/STD/codefellows/401/notes/lib/models/notes-collection.js">
      <metrics statements="12" coveredstatements="6" conditionals="2" coveredconditionals="1" methods="6" coveredmethods="3"/>
      <line num="1" count="1" type="stmt"/>
      <line num="11" count="1" type="cond" truecount="1" falsecount="1"/>
      <line num="13" count="1" type="stmt"/>
      <line num="17" count="0" type="stmt"/>
      <line num="22" count="2" type="stmt"/>
      <line num="23" count="2" type="stmt"/>
      <line num="29" count="0" type="stmt"/>
      <line num="32" count="0" type="stmt"/>
      <line num="37" count="0" type="stmt"/>
      <line num="38" count="0" type="stmt"/>
      <line num="39" count="0" type="stmt"/>
      <line num="42" count="1" type="stmt"/>
    </file>
    <file name="notes-schema.js" path="/mnt/c/Users/STD/codefellows/401/notes/lib/models/notes-schema.js">
      <metrics statements="3" coveredstatements="3" conditionals="0" coveredconditionals="0" methods="0" coveredmethods="0"/>
      <line num="2" count="1" type="stmt"/>
      <line num="3" count="1" type="stmt"/>
      <line num="7" count="1" type="stmt"/>
    </file>
  </project>
</coverage>
