TN:
SF:lib/models/notes-collection.js
FN:5,(anonymous_0)
FN:9,(anonymous_1)
FN:20,(anonymous_2)
FN:28,(anonymous_3)
FN:31,(anonymous_4)
FN:34,(anonymous_5)
FNF:6
FNH:3
FNDA:1,(anonymous_0)
FNDA:1,(anonymous_1)
FNDA:2,(anonymous_2)
FNDA:0,(anonymous_3)
FNDA:0,(anonymous_4)
FNDA:0,(anonymous_5)
DA:1,1
DA:11,1
DA:13,1
DA:17,0
DA:22,2
DA:23,2
DA:29,0
DA:32,0
DA:37,0
DA:38,0
DA:39,0
DA:42,1
LF:12
LH:6
BRDA:11,0,0,1
BRDA:11,0,1,0
BRF:2
BRH:1
end_of_record
TN:
SF:lib/models/notes-schema.js
FNF:0
FNH:0
DA:2,1
DA:3,1
DA:7,1
LF:3
LH:3
BRF:0
BRH:0
end_of_record
